MedPS F:\Nathan\Misc\GitHub\github-actions-act> act
time="2025-01-23T07:51:46+02:00" level=info msg="Using docker host 'npipe:////./pipe/docker_engine', and 
daemon socket 'npipe:////./pipe/docker_engine'"
[Test CI/test         ] ğŸš€  Start image=catthehacker/ubuntu:act-latest
[Hello world/say-hello] ğŸš€  Start image=catthehacker/ubuntu:act-latest
[Test CI/test         ]   ğŸ³  docker pull image=catthehacker/ubuntu:act-latest platform= username= forcePull=true
[Hello world/say-hello]   ğŸ³  docker pull image=catthehacker/ubuntu:act-latest platform= username= forcePull=true
[Test CI/test         ]   ğŸ³  docker create image=catthehacker/ubuntu:act-latest platform= entrypoint=["tail" "-f" "/dev/null"] cmd=[] network="host"
[Test CI/test         ]   ğŸ³  docker run image=catthehacker/ubuntu:act-latest platform= entrypoint=["tail" "-f" "/dev/null"] cmd=[] network="host"
[Hello world/say-hello]   ğŸ³  docker create image=catthehacker/ubuntu:act-latest platform= entrypoint=["tail" "-f" "/dev/null"] cmd=[] network="host"
[Test CI/test         ]   ğŸ³  docker exec cmd=[node --no-warnings -e console.log(process.execPath)] user= workdir=
[Hello world/say-hello]   ğŸ³  docker run image=catthehacker/ubuntu:act-latest platform= entrypoint=["tail" "-f" "/dev/null"] cmd=[] network="host"
[Test CI/test         ]   â˜  git clone 'https://github.com/actions/setup-node' # ref=v3
[Hello world/say-hello]   ğŸ³  docker exec cmd=[node --no-warnings -e console.log(process.execPath)] user= workdir=
[Hello world/say-hello] â­ Run Main Run a one-line script
[Hello world/say-hello]   ğŸ³  docker exec cmd=[bash -e /var/run/act/workflow/0] user= workdir=
| Hello, world!
[Hello world/say-hello]   âœ…  Success - Main Run a one-line script
[Hello world/say-hello] Cleaning up container for job say-hello
[Hello world/say-hello] ğŸ  Job succeeded
[Test CI/test         ] â­ Run Main Checkout code
[Test CI/test         ]   ğŸ³  docker cp src=F:\Nathan\Misc\GitHub\github-actions-act\. dst=/mnt/f/Nathan/Misc/GitHub/github-actions-act
[Test CI/test         ]   âœ…  Success - Main Checkout code
[Test CI/test         ] â­ Run Main Setup Node.js
[Test CI/test         ]   ğŸ³  docker cp src=C:\Users\User\.cache\act/actions-setup-node@v3/ dst=/var/run/act/actions/actions-setup-node@v3/
[Test CI/test         ]   ğŸ³  docker exec cmd=[/opt/acttoolcache/node/18.20.5/x64/bin/node /var/run/act/actions/actions-setup-node@v3/dist/setup/index.js] user= workdir=
[Test CI/test         ]   ğŸ’¬  ::debug::isExplicit: 20.9.0
[Test CI/test         ]   ğŸ’¬  ::debug::explicit? true
[Test CI/test         ]   ğŸ’¬  ::debug::checking cache: /opt/hostedtoolcache/node/20.9.0/x64
[Test CI/test         ]   ğŸ’¬  ::debug::not found
| Attempting to download 20.9.0...
[Test CI/test         ]   ğŸ’¬  ::debug::No manifest cached
[Test CI/test         ]   ğŸ’¬  ::debug::Getting manifest from actions/node-versions@main
[Test CI/test         ]   ğŸ’¬  ::debug::check 22.13.1 satisfies 20.9.0
[Test CI/test         ]   ğŸ’¬  ::debug::check 22.13.0 satisfies 20.9.0
[Test CI/test         ]   ğŸ’¬  ::debug::check 22.12.0 satisfies 20.9.0
[Test CI/test         ]   ğŸ’¬  ::debug::check 22.11.0 satisfies 20.9.0
[Test CI/test         ]   ğŸ’¬  ::debug::check 22.10.0 satisfies 20.9.0
[Test CI/test         ]   ğŸ’¬  ::debug::check 22.9.0 satisfies 20.9.0
[Test CI/test         ]   ğŸ’¬  ::debug::check 22.8.0 satisfies 20.9.0
[Test CI/test         ]   ğŸ’¬  ::debug::check 22.7.0 satisfies 20.9.0
[Test CI/test         ]   ğŸ’¬  ::debug::check 22.6.0 satisfies 20.9.0
[Test CI/test         ]   ğŸ’¬  ::debug::check 22.5.1 satisfies 20.9.0
[Test CI/test         ]   ğŸ’¬  ::debug::check 22.5.0 satisfies 20.9.0
[Test CI/test         ]   ğŸ’¬  ::debug::check 22.4.1 satisfies 20.9.0
[Test CI/test         ]   ğŸ’¬  ::debug::check 22.4.0 satisfies 20.9.0
[Test CI/test         ]   ğŸ’¬  ::debug::check 22.3.0 satisfies 20.9.0
[Test CI/test         ]   ğŸ’¬  ::debug::check 22.2.0 satisfies 20.9.0
[Test CI/test         ]   ğŸ’¬  ::debug::check 22.1.0 satisfies 20.9.0
[Test CI/test         ]   ğŸ’¬  ::debug::check 22.0.0 satisfies 20.9.0
[Test CI/test         ]   ğŸ’¬  ::debug::check 20.18.2 satisfies 20.9.0
[Test CI/test         ]   ğŸ’¬  ::debug::check 20.18.1 satisfies 20.9.0
[Test CI/test         ]   ğŸ’¬  ::debug::check 20.18.0 satisfies 20.9.0
[Test CI/test         ]   ğŸ’¬  ::debug::check 20.17.0 satisfies 20.9.0
[Test CI/test         ]   ğŸ’¬  ::debug::check 20.16.0 satisfies 20.9.0
[Test CI/test         ]   ğŸ’¬  ::debug::check 20.15.1 satisfies 20.9.0
[Test CI/test         ]   ğŸ’¬  ::debug::check 20.15.0 satisfies 20.9.0
[Test CI/test         ]   ğŸ’¬  ::debug::check 20.14.0 satisfies 20.9.0
[Test CI/test         ]   ğŸ’¬  ::debug::check 20.13.1 satisfies 20.9.0
[Test CI/test         ]   ğŸ’¬  ::debug::check 20.13.0 satisfies 20.9.0
[Test CI/test         ]   ğŸ’¬  ::debug::check 20.12.2 satisfies 20.9.0
[Test CI/test         ]   ğŸ’¬  ::debug::check 20.12.1 satisfies 20.9.0
[Test CI/test         ]   ğŸ’¬  ::debug::check 20.12.0 satisfies 20.9.0
[Test CI/test         ]   ğŸ’¬  ::debug::check 20.11.1 satisfies 20.9.0
[Test CI/test         ]   ğŸ’¬  ::debug::check 20.11.0 satisfies 20.9.0
[Test CI/test         ]   ğŸ’¬  ::debug::check 20.10.0 satisfies 20.9.0
[Test CI/test         ]   ğŸ’¬  ::debug::check 20.9.0 satisfies 20.9.0
[Test CI/test         ]   ğŸ’¬  ::debug::arm64===x64 && darwin===linux
[Test CI/test         ]   ğŸ’¬  ::debug::x64===x64 && darwin===linux
[Test CI/test         ]   ğŸ’¬  ::debug::x64===x64 && linux===linux
[Test CI/test         ]   ğŸ’¬  ::debug::matched 20.9.0
| Acquiring 20.9.0 - x64 from https://github.com/actions/node-versions/releases/download/20.9.0-6797996195/node-20.9.0-linux-x64.tar.gz
[Test CI/test         ]   ğŸ’¬  ::debug::Downloading https://github.com/actions/node-versions/releases/download/20.9.0-6797996195/node-20.9.0-linux-x64.tar.gz
[Test CI/test         ]   ğŸ’¬  ::debug::Destination /tmp/926e75aa-ef41-4ba0-af26-a9be0f07ab10
[Test CI/test         ]   ğŸ’¬  ::debug::download complete
| Extracting ...
[Test CI/test         ]   ğŸ’¬  ::debug::Checking tar --version
[Test CI/test         ]   ğŸ’¬  ::debug::tar (GNU tar) 1.34%0ACopyright (C) 2021 Free Software Foundation, 
Inc.%0ALicense GPLv3+: GNU GPL version 3 or later <https://gnu.org/licenses/gpl.html>.%0AThis is free software: you are free to change and redistribute it.%0AThere is NO WARRANTY, to the extent permitted by law.%0A%0AWritten by John Gilmore and Jay Fenlason.
| [command]/usr/bin/tar xz --strip 1 --warning=no-unknown-keyword -C /tmp/d7583cff-29c5-43f3-b14b-c32c4d34366c -f /tmp/926e75aa-ef41-4ba0-af26-a9be0f07ab10
| Adding to the cache ...
[Test CI/test         ]   ğŸ’¬  ::debug::Caching tool node 20.9.0 x64
[Test CI/test         ]   ğŸ’¬  ::debug::source dir: /tmp/d7583cff-29c5-43f3-b14b-c32c4d34366c
[Test CI/test         ]   ğŸ’¬  ::debug::destination /opt/hostedtoolcache/node/20.9.0/x64
[Test CI/test         ]   ğŸ’¬  ::debug::finished caching tool
[Test CI/test         ]   â“  ::group::Environment details
| node: v20.9.0
| npm: 10.1.0
| yarn:
[Test CI/test         ]   â“  ::endgroup::
[Test CI/test         ]   â“ add-matcher /run/act/actions/actions-setup-node@v3/.github/tsc.json
[Test CI/test         ]   â“ add-matcher /run/act/actions/actions-setup-node@v3/.github/eslint-stylish.jso
n
[Test CI/test         ]   â“ add-matcher /run/act/actions/actions-setup-node@v3/.github/eslint-compact.jso
n
[Test CI/test         ]   âœ…  Success - Main Setup Node.js
[Test CI/test         ]   âš™  ::set-output:: node-version=v20.9.0
[Test CI/test         ]   âš™  ::add-path:: /opt/hostedtoolcache/node/20.9.0/x64/bin
[Test CI/test         ] â­ Run Main Install dependencies
| npm ERR! syscall open
| npm ERR! path /mnt/f/Nathan/Misc/GitHub/github-actions-act/package.json
| npm ERR! errno -2
| npm ERR! enoent ENOENT: no such file or directory, open '/mnt/f/Nathan/Misc/GitHub/github-actions-act/package.json'
| npm ERR! enoent This is related to npm not being able to find a file.
| npm ERR! enoent
| npm ERR! A complete log of this run can be found in: /root/.npm/_logs/2025-01-23T05_53_36_694Z-debug-0.log
[Test CI/test         ]   âŒ  Failure - Main Install dependencies
[Test CI/test         ] exitcode '254': failure
[Test CI/test         ] ğŸ  Job failed
Error: Job 'test' failed
PS F:\Nathan\Misc\GitHub\github-actions-act> git add -A 
PS F:\Nathan\Misc\GitHub\github-actions-act> git commit -m 'run1 results and add package.json'
[main 97ae2ec] run1 results and add package.json
 rename logs/act_run_1.txt => act_run_1.txt (76%)
 create mode 100644 figs/run1-fail-test-job.png
 delete mode 100644 logs/act_run_2.txt
PS F:\Nathan\Misc\GitHub\github-actions-act> git push
Enumerating objects: 10, done.
Counting objects: 100% (10/10), done.
Delta compression using up to 8 threads
Compressing objects: 100% (7/7), done.
Writing objects: 100% (7/7), 49.09 KiB | 24.54 MiB/s, done.
PS F:\Nathan\Misc\GitHub\github-actions-act> act
time="2025-01-23T07:58:51+02:00" level=info msg="Using docker host 'npipe:////./pipe/docker_engine', and 
daemon socket 'npipe:////./pipe/docker_engine'"
[Test CI/test         ] ğŸš€  Start image=catthehacker/ubuntu:act-latest
[Hello world/say-hello] ğŸš€  Start image=catthehacker/ubuntu:act-latest
[Test CI/test         ]   ğŸ³  docker pull image=catthehacker/ubuntu:act-latest platform= username= forcePull=true
[Hello world/say-hello]   ğŸ³  docker pull image=catthehacker/ubuntu:act-latest platform= username= forcePull=true
[Hello world/say-hello]   ğŸ³  docker create image=catthehacker/ubuntu:act-latest platform= entrypoint=["tail" "-f" "/dev/null"] cmd=[] network="host"
[Hello world/say-hello]   ğŸ³  docker run image=catthehacker/ubuntu:act-latest platform= entrypoint=["tail" "-f" "/dev/null"] cmd=[] network="host"
[Test CI/test         ]   ğŸ³  docker create image=catthehacker/ubuntu:act-latest platform= entrypoint=["tail" "-f" "/dev/null"] cmd=[] network="host"
[Hello world/say-hello]   ğŸ³  docker exec cmd=[node --no-warnings -e console.log(process.execPath)] user= workdir=
[Hello world/say-hello] â­ Run Main Run a one-line script
[Hello world/say-hello]   ğŸ³  docker exec cmd=[bash -e /var/run/act/workflow/0] user= workdir=
[Test CI/test         ]   ğŸ³  docker run image=catthehacker/ubuntu:act-latest platform= entrypoint=["tail" "-f" "/dev/null"] cmd=[] network="host"
| Hello, world!
[Hello world/say-hello]   âœ…  Success - Main Run a one-line script
[Hello world/say-hello] Cleaning up container for job say-hello
[Hello world/say-hello] ğŸ  Job succeeded
[Test CI/test         ]   ğŸ³  docker exec cmd=[node --no-warnings -e console.log(process.execPath)] user= workdir=
[Test CI/test         ]   â˜  git clone 'https://github.com/actions/setup-node' # ref=v3
[Test CI/test         ] â­ Run Main Checkout code
[Test CI/test         ]   ğŸ³  docker cp src=F:\Nathan\Misc\GitHub\github-actions-act\. dst=/mnt/f/Nathan/Misc/GitHub/github-actions-act
[Test CI/test         ]   âœ…  Success - Main Checkout code
[Test CI/test         ] â­ Run Main Setup Node.js
[Test CI/test         ]   ğŸ³  docker cp src=C:\Users\User\.cache\act/actions-setup-node@v3/ dst=/var/run/act/actions/actions-setup-node@v3/
[Test CI/test         ]   ğŸ³  docker exec cmd=[/opt/acttoolcache/node/18.20.5/x64/bin/node /var/run/act/actions/actions-setup-node@v3/dist/setup/index.js] user= workdir=
[Test CI/test         ]   ğŸ’¬  ::debug::isExplicit: 20.9.0
[Test CI/test         ]   ğŸ’¬  ::debug::explicit? true
[Test CI/test         ]   ğŸ’¬  ::debug::checking cache: /opt/hostedtoolcache/node/20.9.0/x64
[Test CI/test         ]   ğŸ’¬  ::debug::Found tool in cache node 20.9.0 x64
| Found in cache @ /opt/hostedtoolcache/node/20.9.0/x64
[Test CI/test         ]   â“  ::group::Environment details
| node: v20.9.0
| npm: 10.1.0
| yarn:
[Test CI/test         ]   â“  ::endgroup::
[Test CI/test         ]   â“ add-matcher /run/act/actions/actions-setup-node@v3/.github/tsc.json
[Test CI/test         ]   â“ add-matcher /run/act/actions/actions-setup-node@v3/.github/eslint-stylish.jso
n
[Test CI/test         ]   â“ add-matcher /run/act/actions/actions-setup-node@v3/.github/eslint-compact.jso
n
[Test CI/test         ]   âœ…  Success - Main Setup Node.js
[Test CI/test         ]   âš™  ::set-output:: node-version=v20.9.0
[Test CI/test         ]   âš™  ::add-path:: /opt/hostedtoolcache/node/20.9.0/x64/bin
[Test CI/test         ] â­ Run Main Install dependencies
[Test CI/test         ]   ğŸ³  docker exec cmd=[bash -e /var/run/act/workflow/2] user= workdir=
| 
| added 44 packages, and audited 45 packages in 10s
|
| 12 packages are looking for funding
|   run `npm fund` for details
|
| found 0 vulnerabilities
[Test CI/test         ]   âœ…  Success - Main Install dependencies
[Test CI/test         ] â­ Run Main Run tests
[Test CI/test         ]   ğŸ³  docker exec cmd=[bash -e /var/run/act/workflow/3] user= workdir=
| 
| > github-actions-act@1.0.0 test
| > vitest
|
| 
|  RUN  v3.0.3 /mnt/f/Nathan/Misc/GitHub/github-actions-act
|
| No test files found, exiting with code 1
| 
| include: **/*.{test,spec}.?(c|m)[jt]s?(x)
| exclude:  **/node_modules/**, **/dist/**, **/cypress/**, **/.{idea,git,cache,output,temp}/**, **/{karma,rollup,webpack,vite,vitest,jest,ava,babel,nyc,cypress,tsup,build,eslint,prettier}.config.*
|
[Test CI/test         ]   âŒ  Failure - Main Run tests
[Test CI/test         ] exitcode '1': failure
[Test CI/test         ] ğŸ  Job failed
Error: Job 'test' failed
PS F:\Nathan\Misc\GitHub\github-actions-act>